<?xml version="1.0" encoding="UTF-8"?>
<testsuite name="StringCalcTest" tests="1" skipped="0" failures="0" errors="0" timestamp="2020-02-17T15:41:06" hostname="recruit-Lenovo-Product" time="0.026">
  <properties/>
  <testcase name="addWithDiffDelimiters()" classname="StringCalcTest" time="0.026"/>
  <system-out><![CDATA[]]></system-out>
  <system-err><![CDATA[]]></system-err>
</testsuite>
